<?xml version="1.0" encoding="UTF-8"?>
<!-- Generated by org.testng.reporters.JUnitReportReporter -->
<testsuite skipped="0" hostname="DESKTOP-B0PUHGH" name="testcases.CreatePortfolioTest" tests="1" failures="0" timestamp="2021-01-29T15:00:27 MST" time="23.663" errors="0">
  <testcase name="createPortfolioTest" time="23.663" classname="testcases.CreatePortfolioTest"/>
</testsuite> <!-- testcases.CreatePortfolioTest -->
