<?xml version="1.0" encoding="UTF-8"?>
<!-- Generated by org.testng.reporters.JUnitReportReporter -->
<testsuite skipped="0" hostname="DESKTOP-B0PUHGH" name="testcases.rediff.Session" tests="2" failures="0" timestamp="2021-02-14T06:41:08 MST" time="42.922" errors="0">
  <testcase name="doLogin" time="18.535" classname="testcases.rediff.Session"/>
  <testcase name="doLogin" time="24.387" classname="testcases.rediff.Session"/>
</testsuite> <!-- testcases.rediff.Session -->
