<?xml version="1.0" encoding="UTF-8"?>
<!-- Generated by org.testng.reporters.JUnitReportReporter -->
<testsuite skipped="0" hostname="DESKTOP-B0PUHGH" name="testcases.DeletePortfolioTest" tests="1" failures="0" timestamp="2021-02-01T09:56:39 MST" time="62.661" errors="0">
  <testcase name="deletePortfolioTest" time="62.661" classname="testcases.DeletePortfolioTest"/>
</testsuite> <!-- testcases.DeletePortfolioTest -->
